app/build/intermediates/manifest_merge_blame_file/debug/manifest-merger-blame-debug-report.txt
1<?xml version="1.0" encoding="utf-8"?>
2<manifest xmlns:android="http://schemas.android.com/apk/res/android"
3    package="com.pronin.gpsrelocator"
4    android:versionCode="1"
5    android:versionName="1.0.0" >
6
7    <uses-sdk
8        android:minSdkVersion="26"
9        android:targetSdkVersion="34" />
10
11    <!-- Location permissions -->
12    <uses-permission android:name="android.permission.ACCESS_FINE_LOCATION" />
12-->src/main/AndroidManifest.xml:5:5-79
12-->src/main/AndroidManifest.xml:5:22-76
13    <uses-permission android:name="android.permission.ACCESS_COARSE_LOCATION" />
13-->src/main/AndroidManifest.xml:6:5-81
13-->src/main/AndroidManifest.xml:6:22-78
14    <uses-permission android:name="android.permission.ACCESS_MOCK_LOCATION" />
14-->src/main/AndroidManifest.xml:7:5-79
14-->src/main/AndroidManifest.xml:7:22-76
15
16    <!-- Internet for map tile downloads (OSMDroid caches tiles locally after first load) -->
17    <uses-permission android:name="android.permission.INTERNET" />
17-->src/main/AndroidManifest.xml:10:5-67
17-->src/main/AndroidManifest.xml:10:22-64
18    <uses-permission android:name="android.permission.ACCESS_NETWORK_STATE" />
18-->src/main/AndroidManifest.xml:11:5-79
18-->src/main/AndroidManifest.xml:11:22-76
19
20    <!-- OSMDroid tile cache on external storage (optional, increases cache size) -->
21    <uses-permission
21-->src/main/AndroidManifest.xml:14:5-15:38
22        android:name="android.permission.WRITE_EXTERNAL_STORAGE"
22-->src/main/AndroidManifest.xml:14:22-78
23        android:maxSdkVersion="29" />
23-->src/main/AndroidManifest.xml:15:9-35
24    <uses-permission
24-->src/main/AndroidManifest.xml:16:5-17:38
25        android:name="android.permission.READ_EXTERNAL_STORAGE"
25-->src/main/AndroidManifest.xml:16:22-77
26        android:maxSdkVersion="32" />
26-->src/main/AndroidManifest.xml:17:9-35
27
28    <!-- Foreground service -->
29    <uses-permission android:name="android.permission.FOREGROUND_SERVICE" />
29-->src/main/AndroidManifest.xml:20:5-77
29-->src/main/AndroidManifest.xml:20:22-74
30    <uses-permission android:name="android.permission.FOREGROUND_SERVICE_LOCATION" />
30-->src/main/AndroidManifest.xml:21:5-86
30-->src/main/AndroidManifest.xml:21:22-83
31
32    <!-- Keep screen on while mocking -->
33    <uses-permission android:name="android.permission.WAKE_LOCK" />
33-->src/main/AndroidManifest.xml:24:5-68
33-->src/main/AndroidManifest.xml:24:22-65
34
35    <permission
35-->[androidx.core:core:1.12.0] AndroidManifest.xml:22:5-24:47
36        android:name="com.pronin.gpsrelocator.DYNAMIC_RECEIVER_NOT_EXPORTED_PERMISSION"
36-->[androidx.core:core:1.12.0] AndroidManifest.xml:23:9-81
37        android:protectionLevel="signature" />
37-->[androidx.core:core:1.12.0] AndroidManifest.xml:24:9-44
38
39    <uses-permission android:name="com.pronin.gpsrelocator.DYNAMIC_RECEIVER_NOT_EXPORTED_PERMISSION" />
39-->[androidx.core:core:1.12.0] AndroidManifest.xml:26:5-97
39-->[androidx.core:core:1.12.0] AndroidManifest.xml:26:22-94
40
41    <supports-screens
41-->[org.osmdroid:osmdroid-android:6.1.20] AndroidManifest.xml:9:5-12:40
42        android:anyDensity="true"
42-->[org.osmdroid:osmdroid-android:6.1.20] AndroidManifest.xml:10:9-34
43        android:largeScreens="true"
43-->[org.osmdroid:osmdroid-android:6.1.20] AndroidManifest.xml:11:9-36
44        android:normalScreens="true" />
44-->[org.osmdroid:osmdroid-android:6.1.20] AndroidManifest.xml:12:9-37
45
46    <uses-feature
46-->[org.osmdroid:osmdroid-android:6.1.20] AndroidManifest.xml:14:5-16:36
47        android:name="android.hardware.location.network"
47-->[org.osmdroid:osmdroid-android:6.1.20] AndroidManifest.xml:15:9-57
48        android:required="false" />
48-->[org.osmdroid:osmdroid-android:6.1.20] AndroidManifest.xml:16:9-33
49    <uses-feature
49-->[org.osmdroid:osmdroid-android:6.1.20] AndroidManifest.xml:17:5-19:36
50        android:name="android.hardware.location.gps"
50-->[org.osmdroid:osmdroid-android:6.1.20] AndroidManifest.xml:18:9-53
51        android:required="false" />
51-->[org.osmdroid:osmdroid-android:6.1.20] AndroidManifest.xml:19:9-33
52    <uses-feature
52-->[org.osmdroid:osmdroid-android:6.1.20] AndroidManifest.xml:20:5-22:36
53        android:name="android.hardware.telephony"
53-->[org.osmdroid:osmdroid-android:6.1.20] AndroidManifest.xml:21:9-50
54        android:required="false" />
54-->[org.osmdroid:osmdroid-android:6.1.20] AndroidManifest.xml:22:9-33
55    <uses-feature
55-->[org.osmdroid:osmdroid-android:6.1.20] AndroidManifest.xml:23:5-25:36
56        android:name="android.hardware.wifi"
56-->[org.osmdroid:osmdroid-android:6.1.20] AndroidManifest.xml:24:9-45
57        android:required="false" />
57-->[org.osmdroid:osmdroid-android:6.1.20] AndroidManifest.xml:25:9-33
58
59    <application
59-->src/main/AndroidManifest.xml:26:5-51:19
60        android:allowBackup="true"
60-->src/main/AndroidManifest.xml:27:9-35
61        android:appComponentFactory="androidx.core.app.CoreComponentFactory"
61-->[androidx.core:core:1.12.0] AndroidManifest.xml:28:18-86
62        android:debuggable="true"
63        android:extractNativeLibs="false"
64        android:icon="@mipmap/ic_launcher"
64-->src/main/AndroidManifest.xml:28:9-43
65        android:label="@string/app_name"
65-->src/main/AndroidManifest.xml:30:9-41
66        android:roundIcon="@mipmap/ic_launcher_round"
66-->src/main/AndroidManifest.xml:29:9-54
67        android:supportsRtl="true"
67-->src/main/AndroidManifest.xml:32:9-35
68        android:theme="@style/Theme.GPSReLocator"
68-->src/main/AndroidManifest.xml:31:9-50
69        android:usesCleartextTraffic="true" >
69-->src/main/AndroidManifest.xml:33:9-44
70        <activity
70-->src/main/AndroidManifest.xml:35:9-43:20
71            android:name="com.pronin.gpsrelocator.MainActivity"
71-->src/main/AndroidManifest.xml:36:13-41
72            android:exported="true"
72-->src/main/AndroidManifest.xml:37:13-36
73            android:windowSoftInputMode="adjustResize" >
73-->src/main/AndroidManifest.xml:38:13-55
74            <intent-filter>
74-->src/main/AndroidManifest.xml:39:13-42:29
75                <action android:name="android.intent.action.MAIN" />
75-->src/main/AndroidManifest.xml:40:17-69
75-->src/main/AndroidManifest.xml:40:25-66
76
77                <category android:name="android.intent.category.LAUNCHER" />
77-->src/main/AndroidManifest.xml:41:17-77
77-->src/main/AndroidManifest.xml:41:27-74
78            </intent-filter>
79        </activity>
80
81        <!-- Mock Location Foreground Service -->
82        <service
82-->src/main/AndroidManifest.xml:46:9-49:40
83            android:name="com.pronin.gpsrelocator.service.MockLocationService"
83-->src/main/AndroidManifest.xml:47:13-56
84            android:exported="false"
84-->src/main/AndroidManifest.xml:49:13-37
85            android:foregroundServiceType="location" />
85-->src/main/AndroidManifest.xml:48:13-53
86
87        <activity
87-->[com.google.android.gms:play-services-base:18.3.0] AndroidManifest.xml:20:9-22:45
88            android:name="com.google.android.gms.common.api.GoogleApiActivity"
88-->[com.google.android.gms:play-services-base:18.3.0] AndroidManifest.xml:20:19-85
89            android:exported="false"
89-->[com.google.android.gms:play-services-base:18.3.0] AndroidManifest.xml:22:19-43
90            android:theme="@android:style/Theme.Translucent.NoTitleBar" />
90-->[com.google.android.gms:play-services-base:18.3.0] AndroidManifest.xml:21:19-78
91
92        <meta-data
92-->[com.google.android.gms:play-services-basement:18.3.0] AndroidManifest.xml:21:9-23:69
93            android:name="com.google.android.gms.version"
93-->[com.google.android.gms:play-services-basement:18.3.0] AndroidManifest.xml:22:13-58
94            android:value="@integer/google_play_services_version" />
94-->[com.google.android.gms:play-services-basement:18.3.0] AndroidManifest.xml:23:13-66
95
96        <provider
96-->[androidx.emoji2:emoji2:1.2.0] AndroidManifest.xml:24:9-32:20
97            android:name="androidx.startup.InitializationProvider"
97-->[androidx.emoji2:emoji2:1.2.0] AndroidManifest.xml:25:13-67
98            android:authorities="com.pronin.gpsrelocator.androidx-startup"
98-->[androidx.emoji2:emoji2:1.2.0] AndroidManifest.xml:26:13-68
99            android:exported="false" >
99-->[androidx.emoji2:emoji2:1.2.0] AndroidManifest.xml:27:13-37
100            <meta-data
100-->[androidx.emoji2:emoji2:1.2.0] AndroidManifest.xml:29:13-31:52
101                android:name="androidx.emoji2.text.EmojiCompatInitializer"
101-->[androidx.emoji2:emoji2:1.2.0] AndroidManifest.xml:30:17-75
102                android:value="androidx.startup" />
102-->[androidx.emoji2:emoji2:1.2.0] AndroidManifest.xml:31:17-49
103            <meta-data
103-->[androidx.lifecycle:lifecycle-process:2.7.0] AndroidManifest.xml:29:13-31:52
104                android:name="androidx.lifecycle.ProcessLifecycleInitializer"
104-->[androidx.lifecycle:lifecycle-process:2.7.0] AndroidManifest.xml:30:17-78
105                android:value="androidx.startup" />
105-->[androidx.lifecycle:lifecycle-process:2.7.0] AndroidManifest.xml:31:17-49
106            <meta-data
106-->[androidx.profileinstaller:profileinstaller:1.3.0] AndroidManifest.xml:29:13-31:52
107                android:name="androidx.profileinstaller.ProfileInstallerInitializer"
107-->[androidx.profileinstaller:profileinstaller:1.3.0] AndroidManifest.xml:30:17-85
108                android:value="androidx.startup" />
108-->[androidx.profileinstaller:profileinstaller:1.3.0] AndroidManifest.xml:31:17-49
109        </provider>
110
111        <uses-library
111-->[androidx.window:window:1.0.0] AndroidManifest.xml:25:9-27:40
112            android:name="androidx.window.extensions"
112-->[androidx.window:window:1.0.0] AndroidManifest.xml:26:13-54
113            android:required="false" />
113-->[androidx.window:window:1.0.0] AndroidManifest.xml:27:13-37
114        <uses-library
114-->[androidx.window:window:1.0.0] AndroidManifest.xml:28:9-30:40
115            android:name="androidx.window.sidecar"
115-->[androidx.window:window:1.0.0] AndroidManifest.xml:29:13-51
116            android:required="false" />
116-->[androidx.window:window:1.0.0] AndroidManifest.xml:30:13-37
117
118        <service
118-->[androidx.room:room-runtime:2.6.1] AndroidManifest.xml:24:9-28:63
119            android:name="androidx.room.MultiInstanceInvalidationService"
119-->[androidx.room:room-runtime:2.6.1] AndroidManifest.xml:25:13-74
120            android:directBootAware="true"
120-->[androidx.room:room-runtime:2.6.1] AndroidManifest.xml:26:13-43
121            android:exported="false" />
121-->[androidx.room:room-runtime:2.6.1] AndroidManifest.xml:27:13-37
122
123        <receiver
123-->[androidx.profileinstaller:profileinstaller:1.3.0] AndroidManifest.xml:34:9-52:20
124            android:name="androidx.profileinstaller.ProfileInstallReceiver"
124-->[androidx.profileinstaller:profileinstaller:1.3.0] AndroidManifest.xml:35:13-76
125            android:directBootAware="false"
125-->[androidx.profileinstaller:profileinstaller:1.3.0] AndroidManifest.xml:36:13-44
126            android:enabled="true"
126-->[androidx.profileinstaller:profileinstaller:1.3.0] AndroidManifest.xml:37:13-35
127            android:exported="true"
127-->[androidx.profileinstaller:profileinstaller:1.3.0] AndroidManifest.xml:38:13-36
128            android:permission="android.permission.DUMP" >
128-->[androidx.profileinstaller:profileinstaller:1.3.0] AndroidManifest.xml:39:13-57
129            <intent-filter>
129-->[androidx.profileinstaller:profileinstaller:1.3.0] AndroidManifest.xml:40:13-42:29
130                <action android:name="androidx.profileinstaller.action.INSTALL_PROFILE" />
130-->[androidx.profileinstaller:profileinstaller:1.3.0] AndroidManifest.xml:41:17-91
130-->[androidx.profileinstaller:profileinstaller:1.3.0] AndroidManifest.xml:41:25-88
131            </intent-filter>
132            <intent-filter>
132-->[androidx.profileinstaller:profileinstaller:1.3.0] AndroidManifest.xml:43:13-45:29
133                <action android:name="androidx.profileinstaller.action.SKIP_FILE" />
133-->[androidx.profileinstaller:profileinstaller:1.3.0] AndroidManifest.xml:44:17-85
133-->[androidx.profileinstaller:profileinstaller:1.3.0] AndroidManifest.xml:44:25-82
134            </intent-filter>
135            <intent-filter>
135-->[androidx.profileinstaller:profileinstaller:1.3.0] AndroidManifest.xml:46:13-48:29
136                <action android:name="androidx.profileinstaller.action.SAVE_PROFILE" />
136-->[androidx.profileinstaller:profileinstaller:1.3.0] AndroidManifest.xml:47:17-88
136-->[androidx.profileinstaller:profileinstaller:1.3.0] AndroidManifest.xml:47:25-85
137            </intent-filter>
138            <intent-filter>
138-->[androidx.profileinstaller:profileinstaller:1.3.0] AndroidManifest.xml:49:13-51:29
139                <action android:name="androidx.profileinstaller.action.BENCHMARK_OPERATION" />
139-->[androidx.profileinstaller:profileinstaller:1.3.0] AndroidManifest.xml:50:17-95
139-->[androidx.profileinstaller:profileinstaller:1.3.0] AndroidManifest.xml:50:25-92
140            </intent-filter>
141        </receiver>
142    </application>
143
144</manifest>